Using pre-set license
Built from '2021.2/staging' branch; Version is '2021.2.14f1 (bcb93e5482d2) revision 12368190'; Using compiler version '192829333'; Build Type 'Release'
OS: 'Windows 10  (10.0.19044) 64bit Professional' Language: 'es' Physical Memory: 16333 MB
BatchMode: 1, IsHumanControllingUs: 0, StartBugReporterOnCrash: 0, Is64bit: 1, IsPro: 1

COMMAND LINE ARGUMENTS:
C:\Program Files\Unity\Hub\Editor\2021.2.14f1\Editor\Unity.exe
-adb2
-batchMode
-noUpm
-name
AssetImportWorker0
-projectPath
C:/Users/Lowtred/ProyectoTSIC2
-logFile
Logs/AssetImportWorker0.log
-srvPort
57088
Successfully changed project path to: C:/Users/Lowtred/ProyectoTSIC2
C:/Users/Lowtred/ProyectoTSIC2
[UnityMemory] Configuration Parameters - Can be set up in boot.config
    "memorysetup-bucket-allocator-granularity=16"
    "memorysetup-bucket-allocator-bucket-count=8"
    "memorysetup-bucket-allocator-block-size=33554432"
    "memorysetup-bucket-allocator-block-count=8"
    "memorysetup-main-allocator-block-size=16777216"
    "memorysetup-thread-allocator-block-size=16777216"
    "memorysetup-gfx-main-allocator-block-size=16777216"
    "memorysetup-gfx-thread-allocator-block-size=16777216"
    "memorysetup-cache-allocator-block-size=4194304"
    "memorysetup-typetree-allocator-block-size=2097152"
    "memorysetup-profiler-bucket-allocator-granularity=16"
    "memorysetup-profiler-bucket-allocator-bucket-count=8"
    "memorysetup-profiler-bucket-allocator-block-size=33554432"
    "memorysetup-profiler-bucket-allocator-block-count=8"
    "memorysetup-profiler-allocator-block-size=16777216"
    "memorysetup-profiler-editor-allocator-block-size=1048576"
    "memorysetup-temp-allocator-size-main=16777216"
    "memorysetup-job-temp-allocator-block-size=2097152"
    "memorysetup-job-temp-allocator-block-size-background=1048576"
    "memorysetup-job-temp-allocator-reduction-small-platforms=262144"
    "memorysetup-temp-allocator-size-background-worker=32768"
    "memorysetup-temp-allocator-size-job-worker=262144"
    "memorysetup-temp-allocator-size-preload-manager=33554432"
    "memorysetup-temp-allocator-size-nav-mesh-worker=65536"
    "memorysetup-temp-allocator-size-audio-worker=65536"
    "memorysetup-temp-allocator-size-cloud-worker=32768"
    "memorysetup-temp-allocator-size-gi-baking-worker=262144"
    "memorysetup-temp-allocator-size-gfx=262144"
Refreshing native plugins compatible for Editor in 35.13 ms, found 11 plugins.
Preloading 0 native plugins for Editor in 0.00 ms.
Initialize engine version: 2021.2.14f1 (bcb93e5482d2)
[Subsystems] Discovering subsystems at path C:/Program Files/Unity/Hub/Editor/2021.2.14f1/Editor/Data/Resources/UnitySubsystems
[Subsystems] Discovering subsystems at path C:/Users/Lowtred/ProyectoTSIC2/Assets
GfxDevice: creating device client; threaded=0; jobified=0
Direct3D:
    Version:  Direct3D 11.0 [level 11.1]
    Renderer: NVIDIA GeForce GTX 1660 Ti (ID=0x2182)
    Vendor:   NVIDIA
    VRAM:     5991 MB
    Driver:   27.21.14.6089
Initialize mono
Mono path[0] = 'C:/Program Files/Unity/Hub/Editor/2021.2.14f1/Editor/Data/Managed'
Mono path[1] = 'C:/Program Files/Unity/Hub/Editor/2021.2.14f1/Editor/Data/MonoBleedingEdge/lib/mono/unityjit-win32'
Mono config path = 'C:/Program Files/Unity/Hub/Editor/2021.2.14f1/Editor/Data/MonoBleedingEdge/etc'
Using monoOptions --debugger-agent=transport=dt_socket,embedding=1,server=y,suspend=n,address=127.0.0.1:56256
Begin MonoManager ReloadAssembly
Registering precompiled unity dll's ...
Register platform support module: C:/Program Files/Unity/Hub/Editor/2021.2.14f1/Editor/Data/PlaybackEngines/WindowsStandaloneSupport/UnityEditor.WindowsStandalone.Extensions.dll
Registered in 0.010471 seconds.
Native extension for WindowsStandalone target not found
Refreshing native plugins compatible for Editor in 29.54 ms, found 11 plugins.
Preloading 0 native plugins for Editor in 0.00 ms.
Mono: successfully reloaded assembly
- Completed reload, in  0.719 seconds
Domain Reload Profiling:
	ReloadAssembly (719ms)
		BeginReloadAssembly (68ms)
			ExecutionOrderSort (0ms)
			DisableScriptedObjects (0ms)
			BackupInstance (0ms)
			ReleaseScriptingObjects (0ms)
			CreateAndSetChildDomain (1ms)
		EndReloadAssembly (458ms)
			LoadAssemblies (65ms)
			RebuildTransferFunctionScriptingTraits (0ms)
			SetupTypeCache (195ms)
			ReleaseScriptCaches (0ms)
			RebuildScriptCaches (23ms)
			SetupLoadedEditorAssemblies (197ms)
				LogAssemblyErrors (0ms)
				InitializePlatformSupportModulesInManaged (7ms)
				SetLoadedEditorAssemblies (0ms)
				RefreshPlugins (30ms)
				BeforeProcessingInitializeOnLoad (1ms)
				ProcessInitializeOnLoadAttributes (118ms)
				ProcessInitializeOnLoadMethodAttributes (41ms)
				AfterProcessingInitializeOnLoad (0ms)
				EditorAssembliesLoaded (0ms)
			ExecutionOrderSort2 (0ms)
			AwakeInstancesAfterBackupRestoration (0ms)
Platform modules already initialized, skipping
Registering precompiled user dll's ...
Registered in 0.003982 seconds.
Begin MonoManager ReloadAssembly
Native extension for WindowsStandalone target not found
Refreshing native plugins compatible for Editor in 0.37 ms, found 11 plugins.
Preloading 0 native plugins for Editor in 0.00 ms.
Mono: successfully reloaded assembly
- Completed reload, in  0.719 seconds
Domain Reload Profiling:
	ReloadAssembly (719ms)
		BeginReloadAssembly (100ms)
			ExecutionOrderSort (0ms)
			DisableScriptedObjects (5ms)
			BackupInstance (0ms)
			ReleaseScriptingObjects (0ms)
			CreateAndSetChildDomain (17ms)
		EndReloadAssembly (515ms)
			LoadAssemblies (63ms)
			RebuildTransferFunctionScriptingTraits (0ms)
			SetupTypeCache (143ms)
			ReleaseScriptCaches (0ms)
			RebuildScriptCaches (34ms)
			SetupLoadedEditorAssemblies (248ms)
				LogAssemblyErrors (0ms)
				InitializePlatformSupportModulesInManaged (5ms)
				SetLoadedEditorAssemblies (0ms)
				RefreshPlugins (0ms)
				BeforeProcessingInitializeOnLoad (49ms)
				ProcessInitializeOnLoadAttributes (161ms)
				ProcessInitializeOnLoadMethodAttributes (19ms)
				AfterProcessingInitializeOnLoad (12ms)
				EditorAssembliesLoaded (0ms)
			ExecutionOrderSort2 (0ms)
			AwakeInstancesAfterBackupRestoration (6ms)
Platform modules already initialized, skipping
========================================================================
Worker process is ready to serve import requests
Switching build target platform(5) subTarget(0) extendedPlatform(0) -> platform(19) subTarget(0) extendedPlatform(0)
Launched and connected shader compiler UnityShaderCompiler.exe after 0.05 seconds
Refreshing native plugins compatible for Editor in 0.45 ms, found 11 plugins.
Preloading 0 native plugins for Editor in 0.00 ms.
Unloading 1596 Unused Serialized files (Serialized files now loaded: 0)
Unloading 26 unused Assets / (87.7 KB). Loaded Objects now: 2053.
Memory consumption went from 74.6 MB to 74.5 MB.
Total: 2.838100 ms (FindLiveObjects: 0.161900 ms CreateObjectMapping: 0.068300 ms MarkObjects: 2.519600 ms  DeleteObjects: 0.087200 ms)

AssetImportParameters requested are different than current active one (requested -> active):
  custom:video-decoder-ogg-theora: a1e56fd34408186e4bbccfd4996cb3dc -> 
  custom:container-muxer-webm: aa71ff27fc2769a1b78a27578f13a17b -> 
  custom:container-demuxer-webm: 4f35f7cbe854078d1ac9338744f61a02 -> 
  custom:video-encoder-webm-vp8: eb34c28f22e8b96e1ab97ce403110664 -> 
  custom:audio-encoder-webm-vorbis: bf7c407c2cedff20999df2af8eb42d56 -> 
  custom:framework-win-MediaFoundation: 216162199b28c13a410421893ffa2e32 -> 
  custom:container-demuxer-ogg: 62fdf1f143b41e24485cea50d1cbac27 -> 
  custom:video-decoder-webm-vp8: 9c59270c3fd7afecdb556c50c9e8de78 -> 
  custom:audio-decoder-ogg-vorbis: bf7c407c2cedff20999df2af8eb42d56 -> 
========================================================================
Received Import Request.
  Time since last request: 5273.283865 seconds.
  path: Assets/Scripts/transparencia jeringa.mat
  artifactKey: Guid(bdb3d38d32e1a4f4e92fcfacd8b76f1a) Importer(815301076,1909f56bfc062723c751e8b465ee728b)
Start importing Assets/Scripts/transparencia jeringa.mat using Guid(bdb3d38d32e1a4f4e92fcfacd8b76f1a) Importer(815301076,1909f56bfc062723c751e8b465ee728b)  -> (artifact id: '8706990a80d2e7fadde6016b29d30b5f') in 0.146577 seconds 
========================================================================
Received Import Request.
  Time since last request: 0.000014 seconds.
  path: Assets/Models/Materials/PLANO.mat
  artifactKey: Guid(86239961b906d6f4abe4ecce3ff3461d) Importer(815301076,1909f56bfc062723c751e8b465ee728b)
Start importing Assets/Models/Materials/PLANO.mat using Guid(86239961b906d6f4abe4ecce3ff3461d) Importer(815301076,1909f56bfc062723c751e8b465ee728b)  -> (artifact id: '130acbceb1504548b6b4e9f594d6687e') in 0.030781 seconds 
========================================================================
Received Import Request.
  Time since last request: 0.000013 seconds.
  path: Assets/NVIDIA/Flex Samples/6. Particle Controller/Red.mat
  artifactKey: Guid(4bbfe9633fb1d9242a36b28d744b3323) Importer(815301076,1909f56bfc062723c751e8b465ee728b)
Start importing Assets/NVIDIA/Flex Samples/6. Particle Controller/Red.mat using Guid(4bbfe9633fb1d9242a36b28d744b3323) Importer(815301076,1909f56bfc062723c751e8b465ee728b)  -> (artifact id: 'f05e97e0465057e181af5b0cf7ac8590') in 0.014803 seconds 
========================================================================
Received Import Request.
  Time since last request: 0.000016 seconds.
  path: Assets/NVIDIA/Flex/Resources/Materials/SurfaceTest.mat
  artifactKey: Guid(8242b34df3209fe429cbcf067ecd68f0) Importer(815301076,1909f56bfc062723c751e8b465ee728b)
Start importing Assets/NVIDIA/Flex/Resources/Materials/SurfaceTest.mat using Guid(8242b34df3209fe429cbcf067ecd68f0) Importer(815301076,1909f56bfc062723c751e8b465ee728b)  -> (artifact id: 'ea4f8503a41d371d4eb1fb955773f0fe') in 0.042511 seconds 
========================================================================
Received Import Request.
  Time since last request: 0.000020 seconds.
  path: Assets/Models/Materials/Pared2 1.mat
  artifactKey: Guid(5bb6d5cc6bac8c642a5e8e73abb70b2a) Importer(815301076,1909f56bfc062723c751e8b465ee728b)
Start importing Assets/Models/Materials/Pared2 1.mat using Guid(5bb6d5cc6bac8c642a5e8e73abb70b2a) Importer(815301076,1909f56bfc062723c751e8b465ee728b)  -> (artifact id: 'eb0c16003060b272754a93a3960e2491') in 0.018424 seconds 
========================================================================
Received Import Request.
  Time since last request: 0.855012 seconds.
  path: Assets/Models/Materials/Pared1.mat
  artifactKey: Guid(d1f17297ba61a364e9b7f98a33323057) Importer(815301076,1909f56bfc062723c751e8b465ee728b)
Start importing Assets/Models/Materials/Pared1.mat using Guid(d1f17297ba61a364e9b7f98a33323057) Importer(815301076,1909f56bfc062723c751e8b465ee728b)  -> (artifact id: '164bc6fa661c20f3550fd58a2ae62156') in 0.011342 seconds 
========================================================================
Received Import Request.
  Time since last request: 1.369827 seconds.
  path: Assets/Models/Materials/Noche1.mat
  artifactKey: Guid(e18d7d9dfcc24f94aa7df1c15410fc81) Importer(815301076,1909f56bfc062723c751e8b465ee728b)
Start importing Assets/Models/Materials/Noche1.mat using Guid(e18d7d9dfcc24f94aa7df1c15410fc81) Importer(815301076,1909f56bfc062723c751e8b465ee728b)  -> (artifact id: '6537f20e39c492e669a6d99b3d5503b4') in 0.017951 seconds 
========================================================================
Received Import Request.
  Time since last request: 0.427452 seconds.
  path: Assets/Scripts/Negro.mat
  artifactKey: Guid(c0231cb7795b08a44bc1068cbcf0e180) Importer(815301076,1909f56bfc062723c751e8b465ee728b)
Start importing Assets/Scripts/Negro.mat using Guid(c0231cb7795b08a44bc1068cbcf0e180) Importer(815301076,1909f56bfc062723c751e8b465ee728b)  -> (artifact id: '0614149713ef397f4596d5f635d27b27') in 0.011528 seconds 
========================================================================
Received Import Request.
  Time since last request: 1.154209 seconds.
  path: Assets/Models/Materials/Material.001.mat
  artifactKey: Guid(89601451a7bc5f44195dedfe75505d04) Importer(815301076,1909f56bfc062723c751e8b465ee728b)
Start importing Assets/Models/Materials/Material.001.mat using Guid(89601451a7bc5f44195dedfe75505d04) Importer(815301076,1909f56bfc062723c751e8b465ee728b)  -> (artifact id: '9126067cdbe2c284dddd0e11e601a65a') in 0.010167 seconds 
========================================================================
Received Import Request.
  Time since last request: 3.163313 seconds.
  path: Assets/NVIDIA/Flex Samples/8. Cloth Deformation/Green.mat
  artifactKey: Guid(6ae106c43806d6449a45a139da13d976) Importer(815301076,1909f56bfc062723c751e8b465ee728b)
Start importing Assets/NVIDIA/Flex Samples/8. Cloth Deformation/Green.mat using Guid(6ae106c43806d6449a45a139da13d976) Importer(815301076,1909f56bfc062723c751e8b465ee728b)  -> (artifact id: '9ce3f13d0b23ea09a5ec768bba310990') in 0.014975 seconds 
========================================================================
Received Import Request.
  Time since last request: 0.886450 seconds.
  path: Assets/Models/Materials/grass-g781ea2e7e_640 1.mat
  artifactKey: Guid(c723f0f89922f0449a4e762c28b4ee54) Importer(815301076,1909f56bfc062723c751e8b465ee728b)
Start importing Assets/Models/Materials/grass-g781ea2e7e_640 1.mat using Guid(c723f0f89922f0449a4e762c28b4ee54) Importer(815301076,1909f56bfc062723c751e8b465ee728b)  -> (artifact id: 'f1e8692c4e80972deb959539746e6dfe') in 0.011794 seconds 
========================================================================
Received Import Request.
  Time since last request: 1.153711 seconds.
  path: Assets/Modelos/Materials/GelAntivacterial1.mat
  artifactKey: Guid(235f4a8ee2b0d2d48b27880500584c1a) Importer(815301076,1909f56bfc062723c751e8b465ee728b)
Start importing Assets/Modelos/Materials/GelAntivacterial1.mat using Guid(235f4a8ee2b0d2d48b27880500584c1a) Importer(815301076,1909f56bfc062723c751e8b465ee728b)  -> (artifact id: '9302ea49d29022bed3bc4a185b2c7abe') in 0.010485 seconds 
========================================================================
Received Import Request.
  Time since last request: 25.434915 seconds.
  path: Assets/NVIDIA/Flex/Resources/Materials/FluidDepthBlur.mat
  artifactKey: Guid(6371d4cbdc883d941b179b7da24889f8) Importer(815301076,1909f56bfc062723c751e8b465ee728b)
Start importing Assets/NVIDIA/Flex/Resources/Materials/FluidDepthBlur.mat using Guid(6371d4cbdc883d941b179b7da24889f8) Importer(815301076,1909f56bfc062723c751e8b465ee728b)  -> (artifact id: 'ad6afddd29dd1b0b7e6828d05a46567a') in 0.009803 seconds 
========================================================================
Received Import Request.
  Time since last request: 0.000022 seconds.
  path: Assets/Models/Materials/floral-g61c48b49d_640 1.mat
  artifactKey: Guid(7504828e6a03a52479802556df9041fb) Importer(815301076,1909f56bfc062723c751e8b465ee728b)
Start importing Assets/Models/Materials/floral-g61c48b49d_640 1.mat using Guid(7504828e6a03a52479802556df9041fb) Importer(815301076,1909f56bfc062723c751e8b465ee728b)  -> (artifact id: 'feb6428c57717336b1f0ba0e54fdae67') in 0.034979 seconds 
========================================================================
Received Import Request.
  Time since last request: 0.000016 seconds.
  path: Assets/Models/Materials/Edi19.mat
  artifactKey: Guid(570e42287d4029e419bd4f804854cbce) Importer(815301076,1909f56bfc062723c751e8b465ee728b)
Start importing Assets/Models/Materials/Edi19.mat using Guid(570e42287d4029e419bd4f804854cbce) Importer(815301076,1909f56bfc062723c751e8b465ee728b)  -> (artifact id: '965ac271342edfe1c5681de99da8b629') in 0.014883 seconds 
========================================================================
Received Import Request.
  Time since last request: 0.000025 seconds.
  path: Assets/Models/Materials/Edi18 1.mat
  artifactKey: Guid(b5b904f61d1e8e541b143a5234f82492) Importer(815301076,1909f56bfc062723c751e8b465ee728b)
Start importing Assets/Models/Materials/Edi18 1.mat using Guid(b5b904f61d1e8e541b143a5234f82492) Importer(815301076,1909f56bfc062723c751e8b465ee728b)  -> (artifact id: 'db634e78cf75dd858184434ba3522776') in 0.014043 seconds 
========================================================================
Received Import Request.
  Time since last request: 0.000023 seconds.
  path: Assets/Models/Materials/Edi13 1.mat
  artifactKey: Guid(2b7f7a78d831de24a864638007bd3924) Importer(815301076,1909f56bfc062723c751e8b465ee728b)
Start importing Assets/Models/Materials/Edi13 1.mat using Guid(2b7f7a78d831de24a864638007bd3924) Importer(815301076,1909f56bfc062723c751e8b465ee728b)  -> (artifact id: '4889e0a2d3aeedf05c1d78c71b08f887') in 0.015459 seconds 
========================================================================
Received Import Request.
  Time since last request: 0.000017 seconds.
  path: Assets/Models/Materials/Edi13.mat
  artifactKey: Guid(da4523ab5734e26409f7743624d2bf2e) Importer(815301076,1909f56bfc062723c751e8b465ee728b)
Start importing Assets/Models/Materials/Edi13.mat using Guid(da4523ab5734e26409f7743624d2bf2e) Importer(815301076,1909f56bfc062723c751e8b465ee728b)  -> (artifact id: '58ab9eb16eba52368617e66de32e9898') in 0.014960 seconds 
========================================================================
Received Import Request.
  Time since last request: 0.000019 seconds.
  path: Assets/Models/Materials/Edi10 1.mat
  artifactKey: Guid(661962152038b1a4198c975d6821ffce) Importer(815301076,1909f56bfc062723c751e8b465ee728b)
Start importing Assets/Models/Materials/Edi10 1.mat using Guid(661962152038b1a4198c975d6821ffce) Importer(815301076,1909f56bfc062723c751e8b465ee728b)  -> (artifact id: '19adadfe3156f66183e6d9a557ab1793') in 0.013921 seconds 
========================================================================
Received Import Request.
  Time since last request: 0.000018 seconds.
  path: Assets/Models/Materials/Edi8 1.mat
  artifactKey: Guid(85b433cb501d3684d913f3b2784637d6) Importer(815301076,1909f56bfc062723c751e8b465ee728b)
Start importing Assets/Models/Materials/Edi8 1.mat using Guid(85b433cb501d3684d913f3b2784637d6) Importer(815301076,1909f56bfc062723c751e8b465ee728b)  -> (artifact id: '72c6c8d4992ae835ebf4e3e614df0f86') in 0.011239 seconds 
========================================================================
Received Import Request.
  Time since last request: 0.000017 seconds.
  path: Assets/Models/Materials/Edi6 1.mat
  artifactKey: Guid(0364356404e037647950f150106d4280) Importer(815301076,1909f56bfc062723c751e8b465ee728b)
Start importing Assets/Models/Materials/Edi6 1.mat using Guid(0364356404e037647950f150106d4280) Importer(815301076,1909f56bfc062723c751e8b465ee728b)  -> (artifact id: '8268bc5b44dcf4d684c1d3a9e83b7e71') in 0.012865 seconds 
========================================================================
Received Import Request.
  Time since last request: 0.000017 seconds.
  path: Assets/Models/Materials/Edi5.mat
  artifactKey: Guid(0e399aac215162146848a589bf5d9d0c) Importer(815301076,1909f56bfc062723c751e8b465ee728b)
Start importing Assets/Models/Materials/Edi5.mat using Guid(0e399aac215162146848a589bf5d9d0c) Importer(815301076,1909f56bfc062723c751e8b465ee728b)  -> (artifact id: 'e8ef71cc29a5d40ba0f44df73a233351') in 0.011833 seconds 
========================================================================
Received Import Request.
  Time since last request: 0.000019 seconds.
  path: Assets/Models/Materials/Edi3 1.mat
  artifactKey: Guid(f384fc497cc1f1547b4eac505840de9a) Importer(815301076,1909f56bfc062723c751e8b465ee728b)
Start importing Assets/Models/Materials/Edi3 1.mat using Guid(f384fc497cc1f1547b4eac505840de9a) Importer(815301076,1909f56bfc062723c751e8b465ee728b)  -> (artifact id: '2e7d7256bb7a1069c82986d502012a0b') in 0.011293 seconds 
========================================================================
Received Import Request.
  Time since last request: 0.000019 seconds.
  path: Assets/Models/Materials/Edi15 1.mat
  artifactKey: Guid(f388c9b65564ce54290bba2af52191be) Importer(815301076,1909f56bfc062723c751e8b465ee728b)
Start importing Assets/Models/Materials/Edi15 1.mat using Guid(f388c9b65564ce54290bba2af52191be) Importer(815301076,1909f56bfc062723c751e8b465ee728b)  -> (artifact id: '71cf3d7059eb97b4614c2366db338213') in 0.012976 seconds 
========================================================================
Received Import Request.
  Time since last request: 0.000022 seconds.
  path: Assets/Models/Materials/Edi12 1.mat
  artifactKey: Guid(a473a2c15e3f5844293afc39a4add1fc) Importer(815301076,1909f56bfc062723c751e8b465ee728b)
Start importing Assets/Models/Materials/Edi12 1.mat using Guid(a473a2c15e3f5844293afc39a4add1fc) Importer(815301076,1909f56bfc062723c751e8b465ee728b)  -> (artifact id: '2f63f3546aadda1ac461ba71940e950c') in 0.012997 seconds 
========================================================================
Received Import Request.
  Time since last request: 0.000019 seconds.
  path: Assets/NVIDIA/Flex/Resources/Materials/DebugParticles.mat
  artifactKey: Guid(6040b80dca2089c4482bdb21543fba07) Importer(815301076,1909f56bfc062723c751e8b465ee728b)
Start importing Assets/NVIDIA/Flex/Resources/Materials/DebugParticles.mat using Guid(6040b80dca2089c4482bdb21543fba07) Importer(815301076,1909f56bfc062723c751e8b465ee728b)  -> (artifact id: 'f6dcb95c11226a447aa547917e7900fd') in 0.010482 seconds 
========================================================================
Received Import Request.
  Time since last request: 0.000018 seconds.
  path: Assets/Models/Materials/Ch16_eyelashes 1.mat
  artifactKey: Guid(dd51789d6e6881f44acdf5a39192337c) Importer(815301076,1909f56bfc062723c751e8b465ee728b)
Start importing Assets/Models/Materials/Ch16_eyelashes 1.mat using Guid(dd51789d6e6881f44acdf5a39192337c) Importer(815301076,1909f56bfc062723c751e8b465ee728b)  -> (artifact id: 'e0016fca7f5de62d70946540df8bc728') in 0.035441 seconds 
========================================================================
Received Import Request.
  Time since last request: 0.000035 seconds.
  path: Assets/Models/Personaje/Ch16_nonPBR@Defeated.fbx
  artifactKey: Guid(2efdd060dac761548aef2e73cfd1c15e) Importer(815301076,1909f56bfc062723c751e8b465ee728b)
Start importing Assets/Models/Personaje/Ch16_nonPBR@Defeated.fbx using Guid(2efdd060dac761548aef2e73cfd1c15e) Importer(815301076,1909f56bfc062723c751e8b465ee728b)  -> (artifact id: '7d6190180672d484b7533758de351361') in 0.179531 seconds 
========================================================================
Received Import Request.
  Time since last request: 0.000022 seconds.
  path: Assets/Models/Personaje/Ch16_nonPBR@Jumping.fbx
  artifactKey: Guid(5a0e2b6693efafb4f8807357b9dac50b) Importer(815301076,1909f56bfc062723c751e8b465ee728b)
Start importing Assets/Models/Personaje/Ch16_nonPBR@Jumping.fbx using Guid(5a0e2b6693efafb4f8807357b9dac50b) Importer(815301076,1909f56bfc062723c751e8b465ee728b)  -> (artifact id: '7ff9a177fbc89aeec087efe24b9b3242') in 0.095922 seconds 
========================================================================
Received Import Request.
  Time since last request: 0.000016 seconds.
  path: Assets/NVIDIA/Flex Samples/8. Cloth Deformation/Blue.mat
  artifactKey: Guid(9ccef7ba8ef2e404fa6dbecdcbff9a5b) Importer(815301076,1909f56bfc062723c751e8b465ee728b)
Start importing Assets/NVIDIA/Flex Samples/8. Cloth Deformation/Blue.mat using Guid(9ccef7ba8ef2e404fa6dbecdcbff9a5b) Importer(815301076,1909f56bfc062723c751e8b465ee728b)  -> (artifact id: 'fe39ebbd7ec5a778ed92f034098e1faf') in 0.011238 seconds 
========================================================================
Received Import Request.
  Time since last request: 0.000014 seconds.
  path: Assets/Models/Personaje/character.fbx
  artifactKey: Guid(7bdb20aace4bc3149932544e9d925eef) Importer(815301076,1909f56bfc062723c751e8b465ee728b)
Start importing Assets/Models/Personaje/character.fbx using Guid(7bdb20aace4bc3149932544e9d925eef) Importer(815301076,1909f56bfc062723c751e8b465ee728b)  -> (artifact id: 'ce7fb2f64d03b008f0c606ccbb3bdae4') in 0.101584 seconds 
Editor requested this worker to shutdown with reason: Scaling down because of idle timeout
AssetImportWorker is now disconnected from the server
Process exiting
Exiting without the bug reporter. Application will terminate with return code 0