Using pre-set license
Built from '2021.2/staging' branch; Version is '2021.2.13f1 (90b6766da538) revision 9483894'; Using compiler version '192829333'; Build Type 'Release'
OS: 'Windows 10  (10.0.19044) 64bit Professional' Language: 'es' Physical Memory: 16332 MB
BatchMode: 1, IsHumanControllingUs: 0, StartBugReporterOnCrash: 0, Is64bit: 1, IsPro: 1

COMMAND LINE ARGUMENTS:
C:\Program Files\Unity\Hub\Editor\2021.2.13f1\Editor\Unity.exe
-adb2
-batchMode
-noUpm
-name
AssetImportWorker3
-projectPath
C:/Users/Vane/Documents/Proyecto-TS2/ProyectoTS2
-logFile
Logs/AssetImportWorker3.log
-srvPort
51410
Successfully changed project path to: C:/Users/Vane/Documents/Proyecto-TS2/ProyectoTS2
C:/Users/Vane/Documents/Proyecto-TS2/ProyectoTS2
[UnityMemory] Configuration Parameters - Can be set up in boot.config
    "memorysetup-bucket-allocator-granularity=16"
    "memorysetup-bucket-allocator-bucket-count=8"
    "memorysetup-bucket-allocator-block-size=33554432"
    "memorysetup-bucket-allocator-block-count=8"
    "memorysetup-main-allocator-block-size=16777216"
    "memorysetup-thread-allocator-block-size=16777216"
    "memorysetup-gfx-main-allocator-block-size=16777216"
    "memorysetup-gfx-thread-allocator-block-size=16777216"
    "memorysetup-cache-allocator-block-size=4194304"
    "memorysetup-typetree-allocator-block-size=2097152"
    "memorysetup-profiler-bucket-allocator-granularity=16"
    "memorysetup-profiler-bucket-allocator-bucket-count=8"
    "memorysetup-profiler-bucket-allocator-block-size=33554432"
    "memorysetup-profiler-bucket-allocator-block-count=8"
    "memorysetup-profiler-allocator-block-size=16777216"
    "memorysetup-profiler-editor-allocator-block-size=1048576"
    "memorysetup-temp-allocator-size-main=16777216"
    "memorysetup-job-temp-allocator-block-size=2097152"
    "memorysetup-job-temp-allocator-block-size-background=1048576"
    "memorysetup-job-temp-allocator-reduction-small-platforms=262144"
    "memorysetup-temp-allocator-size-background-worker=32768"
    "memorysetup-temp-allocator-size-job-worker=262144"
    "memorysetup-temp-allocator-size-preload-manager=33554432"
    "memorysetup-temp-allocator-size-nav-mesh-worker=65536"
    "memorysetup-temp-allocator-size-audio-worker=65536"
    "memorysetup-temp-allocator-size-cloud-worker=32768"
    "memorysetup-temp-allocator-size-gi-baking-worker=262144"
    "memorysetup-temp-allocator-size-gfx=262144"
Refreshing native plugins compatible for Editor in 35.11 ms, found 11 plugins.
Preloading 0 native plugins for Editor in 0.00 ms.
Initialize engine version: 2021.2.13f1 (90b6766da538)
[Subsystems] Discovering subsystems at path C:/Program Files/Unity/Hub/Editor/2021.2.13f1/Editor/Data/Resources/UnitySubsystems
[Subsystems] Discovering subsystems at path C:/Users/Vane/Documents/Proyecto-TS2/ProyectoTS2/Assets
GfxDevice: creating device client; threaded=0; jobified=0
Direct3D:
    Version:  Direct3D 11.0 [level 11.1]
    Renderer: Radeon RX 570 Series (ID=0x67df)
    Vendor:   ATI
    VRAM:     8171 MB
    Driver:   30.0.14023.1009
Initialize mono
Mono path[0] = 'C:/Program Files/Unity/Hub/Editor/2021.2.13f1/Editor/Data/Managed'
Mono path[1] = 'C:/Program Files/Unity/Hub/Editor/2021.2.13f1/Editor/Data/MonoBleedingEdge/lib/mono/unityjit-win32'
Mono config path = 'C:/Program Files/Unity/Hub/Editor/2021.2.13f1/Editor/Data/MonoBleedingEdge/etc'
Using monoOptions --debugger-agent=transport=dt_socket,embedding=1,server=y,suspend=n,address=127.0.0.1:56708
Begin MonoManager ReloadAssembly
Registering precompiled unity dll's ...
Register platform support module: C:/Program Files/Unity/Hub/Editor/2021.2.13f1/Editor/Data/PlaybackEngines/AndroidPlayer/UnityEditor.Android.Extensions.dll
Register platform support module: C:/Program Files/Unity/Hub/Editor/2021.2.13f1/Editor/Data/PlaybackEngines/WindowsStandaloneSupport/UnityEditor.WindowsStandalone.Extensions.dll
Registered in 0.007610 seconds.
Native extension for WindowsStandalone target not found
Native extension for Android target not found
Refreshing native plugins compatible for Editor in 41.34 ms, found 11 plugins.
Preloading 0 native plugins for Editor in 0.00 ms.
Mono: successfully reloaded assembly
- Completed reload, in  0.581 seconds
Domain Reload Profiling:
	ReloadAssembly (582ms)
		BeginReloadAssembly (66ms)
			ExecutionOrderSort (0ms)
			DisableScriptedObjects (0ms)
			BackupInstance (0ms)
			ReleaseScriptingObjects (0ms)
			CreateAndSetChildDomain (1ms)
		EndReloadAssembly (417ms)
			LoadAssemblies (64ms)
			RebuildTransferFunctionScriptingTraits (0ms)
			SetupTypeCache (95ms)
			ReleaseScriptCaches (0ms)
			RebuildScriptCaches (23ms)
			SetupLoadedEditorAssemblies (253ms)
				LogAssemblyErrors (0ms)
				InitializePlatformSupportModulesInManaged (50ms)
				SetLoadedEditorAssemblies (0ms)
				RefreshPlugins (41ms)
				BeforeProcessingInitializeOnLoad (2ms)
				ProcessInitializeOnLoadAttributes (106ms)
				ProcessInitializeOnLoadMethodAttributes (54ms)
				AfterProcessingInitializeOnLoad (0ms)
				EditorAssembliesLoaded (0ms)
			ExecutionOrderSort2 (0ms)
			AwakeInstancesAfterBackupRestoration (0ms)
Platform modules already initialized, skipping
Registering precompiled user dll's ...
Registered in 0.004610 seconds.
Begin MonoManager ReloadAssembly
Native extension for WindowsStandalone target not found
Native extension for Android target not found
Refreshing native plugins compatible for Editor in 0.48 ms, found 11 plugins.
Preloading 0 native plugins for Editor in 0.00 ms.
Mono: successfully reloaded assembly
- Completed reload, in  0.816 seconds
Domain Reload Profiling:
	ReloadAssembly (817ms)
		BeginReloadAssembly (204ms)
			ExecutionOrderSort (0ms)
			DisableScriptedObjects (5ms)
			BackupInstance (0ms)
			ReleaseScriptingObjects (0ms)
			CreateAndSetChildDomain (129ms)
		EndReloadAssembly (514ms)
			LoadAssemblies (55ms)
			RebuildTransferFunctionScriptingTraits (0ms)
			SetupTypeCache (146ms)
			ReleaseScriptCaches (0ms)
			RebuildScriptCaches (33ms)
			SetupLoadedEditorAssemblies (247ms)
				LogAssemblyErrors (0ms)
				InitializePlatformSupportModulesInManaged (12ms)
				SetLoadedEditorAssemblies (0ms)
				RefreshPlugins (1ms)
				BeforeProcessingInitializeOnLoad (48ms)
				ProcessInitializeOnLoadAttributes (158ms)
				ProcessInitializeOnLoadMethodAttributes (19ms)
				AfterProcessingInitializeOnLoad (8ms)
				EditorAssembliesLoaded (0ms)
			ExecutionOrderSort2 (0ms)
			AwakeInstancesAfterBackupRestoration (7ms)
Platform modules already initialized, skipping
========================================================================
Worker process is ready to serve import requests
Launched and connected shader compiler UnityShaderCompiler.exe after 0.04 seconds
Refreshing native plugins compatible for Editor in 0.49 ms, found 11 plugins.
Preloading 0 native plugins for Editor in 0.00 ms.
Unloading 1596 Unused Serialized files (Serialized files now loaded: 0)
Unloading 26 unused Assets / (88.7 KB). Loaded Objects now: 2055.
Memory consumption went from 74.7 MB to 74.6 MB.
Total: 2.571200 ms (FindLiveObjects: 0.167900 ms CreateObjectMapping: 0.041100 ms MarkObjects: 2.272800 ms  DeleteObjects: 0.088600 ms)

AssetImportParameters requested are different than current active one (requested -> active):
  custom:video-decoder-ogg-theora: a1e56fd34408186e4bbccfd4996cb3dc -> 
  custom:container-muxer-webm: aa71ff27fc2769a1b78a27578f13a17b -> 
  custom:container-demuxer-webm: 4f35f7cbe854078d1ac9338744f61a02 -> 
  custom:video-encoder-webm-vp8: eb34c28f22e8b96e1ab97ce403110664 -> 
  custom:audio-encoder-webm-vorbis: bf7c407c2cedff20999df2af8eb42d56 -> 
  custom:framework-win-MediaFoundation: 216162199b28c13a410421893ffa2e32 -> 
  custom:container-demuxer-ogg: 62fdf1f143b41e24485cea50d1cbac27 -> 
  custom:video-decoder-webm-vp8: 9c59270c3fd7afecdb556c50c9e8de78 -> 
  custom:audio-decoder-ogg-vorbis: bf7c407c2cedff20999df2af8eb42d56 -> 
========================================================================
Received Import Request.
  Time since last request: 5876.641038 seconds.
  path: Assets/Models/Personaje/Ch16_nonPBR@Standing Walk Back.fbx
  artifactKey: Guid(e737a89b96f6d324dbc91970ea4198f3) Importer(815301076,1909f56bfc062723c751e8b465ee728b)
Start importing Assets/Models/Personaje/Ch16_nonPBR@Standing Walk Back.fbx using Guid(e737a89b96f6d324dbc91970ea4198f3) Importer(815301076,1909f56bfc062723c751e8b465ee728b)  -> (artifact id: '8e38ae363059d22d7a79c49cf1143e9f') in 0.314107 seconds 
========================================================================
Received Import Request.
  Time since last request: 0.000036 seconds.
  path: Assets/Models/Personaje/Ch16_nonPBR@Offensive Idle.fbx
  artifactKey: Guid(4c43a7b2bf00b9149bd0d69c037a13d6) Importer(815301076,1909f56bfc062723c751e8b465ee728b)
Start importing Assets/Models/Personaje/Ch16_nonPBR@Offensive Idle.fbx using Guid(4c43a7b2bf00b9149bd0d69c037a13d6) Importer(815301076,1909f56bfc062723c751e8b465ee728b)  -> (artifact id: '1e9e0f8dd2cfbac80ed7f0ae3fd77e81') in 0.133588 seconds 
========================================================================
Received Import Request.
  Time since last request: 0.000035 seconds.
  path: Assets/Models/Personaje/Ch16_nonPBR@Sneak Walk.fbx
  artifactKey: Guid(89428a6aef8a2e540adbf2b2b674b05e) Importer(815301076,1909f56bfc062723c751e8b465ee728b)
Start importing Assets/Models/Personaje/Ch16_nonPBR@Sneak Walk.fbx using Guid(89428a6aef8a2e540adbf2b2b674b05e) Importer(815301076,1909f56bfc062723c751e8b465ee728b)  -> (artifact id: '9db2c1810b425629e3d5511b004e3e12') in 0.102595 seconds 
========================================================================
Received Import Request.
  Time since last request: 0.000026 seconds.
  path: Assets/Models/Personaje/Ch16_nonPBR@Walking To Dying.fbx
  artifactKey: Guid(327a2c359128a5648976ee933c16bbde) Importer(815301076,1909f56bfc062723c751e8b465ee728b)
Start importing Assets/Models/Personaje/Ch16_nonPBR@Walking To Dying.fbx using Guid(327a2c359128a5648976ee933c16bbde) Importer(815301076,1909f56bfc062723c751e8b465ee728b)  -> (artifact id: '0d26e849e48682fa2448b2813f5add8a') in 0.138490 seconds 
========================================================================
Received Import Request.
  Time since last request: 34.593821 seconds.
  path: Assets/NVIDIA/Flex/Resources/Materials/FlexFluidMaterial.mat
  artifactKey: Guid(fcd3fb6f61f1e164ea4cae0d31d14062) Importer(815301076,1909f56bfc062723c751e8b465ee728b)
Start importing Assets/NVIDIA/Flex/Resources/Materials/FlexFluidMaterial.mat using Guid(fcd3fb6f61f1e164ea4cae0d31d14062) Importer(815301076,1909f56bfc062723c751e8b465ee728b)  -> (artifact id: '5514cae5300f757392709c17f4a80d41') in 0.022785 seconds 
========================================================================
Received Import Request.
  Time since last request: 0.000022 seconds.
  path: Assets/NVIDIA/Flex/Resources/Materials/FluidComposite.mat
  artifactKey: Guid(1101abf88ad8c2144a7f547756df0a59) Importer(815301076,1909f56bfc062723c751e8b465ee728b)
Start importing Assets/NVIDIA/Flex/Resources/Materials/FluidComposite.mat using Guid(1101abf88ad8c2144a7f547756df0a59) Importer(815301076,1909f56bfc062723c751e8b465ee728b)  -> (artifact id: '7a09b64eac639b50e93c5e8e7b3c155b') in 0.012088 seconds 
========================================================================
Received Import Request.
  Time since last request: 0.351494 seconds.
  path: Assets/Modelos/Materials/GelAntivacterial1.mat
  artifactKey: Guid(235f4a8ee2b0d2d48b27880500584c1a) Importer(815301076,1909f56bfc062723c751e8b465ee728b)
Start importing Assets/Modelos/Materials/GelAntivacterial1.mat using Guid(235f4a8ee2b0d2d48b27880500584c1a) Importer(815301076,1909f56bfc062723c751e8b465ee728b)  -> (artifact id: '991f8d9155a413cf078c4c1ae6640ac7') in 0.013689 seconds 
========================================================================
Received Import Request.
  Time since last request: 0.129825 seconds.
  path: Assets/Modelos/Materials/No Name.mat
  artifactKey: Guid(51f0e07ed218dd041bdaf3b19eb26b9d) Importer(815301076,1909f56bfc062723c751e8b465ee728b)
Start importing Assets/Modelos/Materials/No Name.mat using Guid(51f0e07ed218dd041bdaf3b19eb26b9d) Importer(815301076,1909f56bfc062723c751e8b465ee728b)  -> (artifact id: '379e6361992d35d44a734ec526dc7a04') in 0.012705 seconds 
========================================================================
Received Import Request.
  Time since last request: 0.734637 seconds.
  path: Assets/NVIDIA/Flex Samples/8. Cloth Deformation/Red.mat
  artifactKey: Guid(46b80b0afcaadaa4bb484ecd51dc8eea) Importer(815301076,1909f56bfc062723c751e8b465ee728b)
Start importing Assets/NVIDIA/Flex Samples/8. Cloth Deformation/Red.mat using Guid(46b80b0afcaadaa4bb484ecd51dc8eea) Importer(815301076,1909f56bfc062723c751e8b465ee728b)  -> (artifact id: 'f7c30a683900368399a69636f5fc2aa5') in 0.013030 seconds 
========================================================================
Received Import Request.
  Time since last request: 0.000022 seconds.
  path: Assets/Scripts/transparencia jeringa.mat
  artifactKey: Guid(bdb3d38d32e1a4f4e92fcfacd8b76f1a) Importer(815301076,1909f56bfc062723c751e8b465ee728b)
Start importing Assets/Scripts/transparencia jeringa.mat using Guid(bdb3d38d32e1a4f4e92fcfacd8b76f1a) Importer(815301076,1909f56bfc062723c751e8b465ee728b)  -> (artifact id: 'b7813f84e6510a9582056fd77b6ac017') in 0.013772 seconds 
Editor requested this worker to shutdown with reason: Scaling down because of idle timeout
AssetImportWorker is now disconnected from the server
Process exiting
Exiting without the bug reporter. Application will terminate with return code 0